2023-04-24 at 16:37:57 CST DEBUG org.springframework.context.support.AbstractApplicationContext 630 prepareRefresh - Refreshing org.springframework.context.support.ClassPathXmlApplicationContext@4b45dcb8
2023-04-24 at 16:38:11 CST DEBUG org.springframework.context.support.AbstractApplicationContext 630 prepareRefresh - Refreshing org.springframework.context.support.ClassPathXmlApplicationContext@64ba3208
2023-04-24 at 16:38:11 CST DEBUG org.springframework.context.annotation.ClassPathScanningCandidateComponentProvider 441 scanCandidateComponents - Identified candidate component class: file [/Users/wuxiaofan/CODE/JAVA/Spring6_learning/spring6-ioc-annotation/target/classes/Spring6/autowired/controller/UserController.class]
2023-04-24 at 16:38:11 CST DEBUG org.springframework.context.annotation.ClassPathScanningCandidateComponentProvider 441 scanCandidateComponents - Identified candidate component class: file [/Users/wuxiaofan/CODE/JAVA/Spring6_learning/spring6-ioc-annotation/target/classes/Spring6/autowired/dao/UserDaoImp.class]
2023-04-24 at 16:38:11 CST DEBUG org.springframework.context.annotation.ClassPathScanningCandidateComponentProvider 441 scanCandidateComponents - Identified candidate component class: file [/Users/wuxiaofan/CODE/JAVA/Spring6_learning/spring6-ioc-annotation/target/classes/Spring6/autowired/service/UserServiceImp.class]
2023-04-24 at 16:38:11 CST DEBUG org.springframework.context.annotation.ClassPathScanningCandidateComponentProvider 441 scanCandidateComponents - Identified candidate component class: file [/Users/wuxiaofan/CODE/JAVA/Spring6_learning/spring6-ioc-annotation/target/classes/Spring6/bean/User.class]
2023-04-24 at 16:38:11 CST DEBUG org.springframework.beans.factory.xml.XmlBeanDefinitionReader 393 doLoadBeanDefinitions - Loaded 8 bean definitions from class path resource [Bean.xml]
2023-04-24 at 16:38:11 CST DEBUG org.springframework.beans.factory.support.DefaultSingletonBeanRegistry 225 getSingleton - Creating shared instance of singleton bean 'org.springframework.context.annotation.internalConfigurationAnnotationProcessor'
2023-04-24 at 16:38:11 CST DEBUG org.springframework.beans.factory.support.DefaultSingletonBeanRegistry 225 getSingleton - Creating shared instance of singleton bean 'org.springframework.context.event.internalEventListenerProcessor'
2023-04-24 at 16:38:11 CST DEBUG org.springframework.beans.factory.support.DefaultSingletonBeanRegistry 225 getSingleton - Creating shared instance of singleton bean 'org.springframework.context.event.internalEventListenerFactory'
2023-04-24 at 16:38:11 CST DEBUG org.springframework.beans.factory.support.DefaultSingletonBeanRegistry 225 getSingleton - Creating shared instance of singleton bean 'org.springframework.context.annotation.internalAutowiredAnnotationProcessor'
2023-04-24 at 16:38:11 CST DEBUG org.springframework.beans.factory.support.DefaultSingletonBeanRegistry 225 getSingleton - Creating shared instance of singleton bean 'userController'
2023-04-24 at 16:38:11 CST DEBUG org.springframework.beans.factory.support.DefaultSingletonBeanRegistry 225 getSingleton - Creating shared instance of singleton bean 'userServiceImp'
2023-04-24 at 16:38:11 CST DEBUG org.springframework.beans.factory.support.DefaultSingletonBeanRegistry 225 getSingleton - Creating shared instance of singleton bean 'userDaoImp'
2023-04-24 at 16:38:11 CST DEBUG org.springframework.beans.factory.support.DefaultSingletonBeanRegistry 225 getSingleton - Creating shared instance of singleton bean 'user'
2023-04-24 at 16:38:11 CST INFO  Spring6.test.TestUserIoc 26 testAnnotation - 执行成功
2023-04-24 at 16:44:12 CST DEBUG org.springframework.context.support.AbstractApplicationContext 630 prepareRefresh - Refreshing org.springframework.context.support.ClassPathXmlApplicationContext@2b0f373b
2023-04-24 at 16:44:12 CST DEBUG org.springframework.context.annotation.ClassPathScanningCandidateComponentProvider 441 scanCandidateComponents - Identified candidate component class: file [/Users/wuxiaofan/CODE/JAVA/Spring6_learning/spring6-ioc-annotation/target/classes/Spring6/autowired/controller/UserController.class]
2023-04-24 at 16:44:12 CST DEBUG org.springframework.context.annotation.ClassPathScanningCandidateComponentProvider 441 scanCandidateComponents - Identified candidate component class: file [/Users/wuxiaofan/CODE/JAVA/Spring6_learning/spring6-ioc-annotation/target/classes/Spring6/autowired/dao/UserDaoImp.class]
2023-04-24 at 16:44:12 CST DEBUG org.springframework.context.annotation.ClassPathScanningCandidateComponentProvider 441 scanCandidateComponents - Identified candidate component class: file [/Users/wuxiaofan/CODE/JAVA/Spring6_learning/spring6-ioc-annotation/target/classes/Spring6/autowired/service/UserServiceImp.class]
2023-04-24 at 16:44:12 CST DEBUG org.springframework.context.annotation.ClassPathScanningCandidateComponentProvider 441 scanCandidateComponents - Identified candidate component class: file [/Users/wuxiaofan/CODE/JAVA/Spring6_learning/spring6-ioc-annotation/target/classes/Spring6/bean/User.class]
2023-04-24 at 16:44:12 CST DEBUG org.springframework.beans.factory.xml.XmlBeanDefinitionReader 393 doLoadBeanDefinitions - Loaded 8 bean definitions from class path resource [Bean.xml]
2023-04-24 at 16:44:12 CST DEBUG org.springframework.beans.factory.support.DefaultSingletonBeanRegistry 225 getSingleton - Creating shared instance of singleton bean 'org.springframework.context.annotation.internalConfigurationAnnotationProcessor'
2023-04-24 at 16:44:12 CST DEBUG org.springframework.beans.factory.support.DefaultSingletonBeanRegistry 225 getSingleton - Creating shared instance of singleton bean 'org.springframework.context.event.internalEventListenerProcessor'
2023-04-24 at 16:44:12 CST DEBUG org.springframework.beans.factory.support.DefaultSingletonBeanRegistry 225 getSingleton - Creating shared instance of singleton bean 'org.springframework.context.event.internalEventListenerFactory'
2023-04-24 at 16:44:12 CST DEBUG org.springframework.beans.factory.support.DefaultSingletonBeanRegistry 225 getSingleton - Creating shared instance of singleton bean 'org.springframework.context.annotation.internalAutowiredAnnotationProcessor'
2023-04-24 at 16:44:12 CST DEBUG org.springframework.beans.factory.support.DefaultSingletonBeanRegistry 225 getSingleton - Creating shared instance of singleton bean 'userController'
2023-04-24 at 16:44:12 CST DEBUG org.springframework.beans.factory.support.DefaultSingletonBeanRegistry 225 getSingleton - Creating shared instance of singleton bean 'userServiceImp'
2023-04-24 at 16:44:12 CST DEBUG org.springframework.beans.factory.support.DefaultSingletonBeanRegistry 225 getSingleton - Creating shared instance of singleton bean 'userDaoImp'
2023-04-24 at 16:44:12 CST DEBUG org.springframework.beans.factory.support.DefaultSingletonBeanRegistry 225 getSingleton - Creating shared instance of singleton bean 'user'
2023-04-24 at 16:44:12 CST INFO  Spring6.test.TestUserIoc 26 testAnnotation - 执行成功
2023-05-04 at 10:33:33 CST DEBUG org.springframework.context.support.AbstractApplicationContext 630 prepareRefresh - Refreshing org.springframework.context.support.ClassPathXmlApplicationContext@25a6944c
2023-05-04 at 10:33:33 CST DEBUG org.springframework.context.annotation.ClassPathScanningCandidateComponentProvider 441 scanCandidateComponents - Identified candidate component class: file [/Users/wuxiaofan/CODE/JAVA/Spring6_learning/spring6-ioc-annotation/target/classes/Spring6/autowired/controller/UserController.class]
2023-05-04 at 10:33:33 CST DEBUG org.springframework.context.annotation.ClassPathScanningCandidateComponentProvider 441 scanCandidateComponents - Identified candidate component class: file [/Users/wuxiaofan/CODE/JAVA/Spring6_learning/spring6-ioc-annotation/target/classes/Spring6/autowired/dao/UserDaoImp.class]
2023-05-04 at 10:33:33 CST DEBUG org.springframework.context.annotation.ClassPathScanningCandidateComponentProvider 441 scanCandidateComponents - Identified candidate component class: file [/Users/wuxiaofan/CODE/JAVA/Spring6_learning/spring6-ioc-annotation/target/classes/Spring6/autowired/service/UserServiceImp.class]
2023-05-04 at 10:33:33 CST DEBUG org.springframework.context.annotation.ClassPathScanningCandidateComponentProvider 441 scanCandidateComponents - Identified candidate component class: file [/Users/wuxiaofan/CODE/JAVA/Spring6_learning/spring6-ioc-annotation/target/classes/Spring6/bean/User.class]
2023-05-04 at 10:33:33 CST DEBUG org.springframework.context.annotation.ClassPathScanningCandidateComponentProvider 441 scanCandidateComponents - Identified candidate component class: file [/Users/wuxiaofan/CODE/JAVA/Spring6_learning/spring6-ioc-annotation/target/classes/Spring6/resource/controller/UserController.class]
2023-05-04 at 10:33:33 CST DEBUG org.springframework.context.annotation.ClassPathScanningCandidateComponentProvider 441 scanCandidateComponents - Identified candidate component class: file [/Users/wuxiaofan/CODE/JAVA/Spring6_learning/spring6-ioc-annotation/target/classes/Spring6/resource/dao/UserDaoImp.class]
2023-05-04 at 10:33:33 CST DEBUG org.springframework.context.annotation.ClassPathScanningCandidateComponentProvider 441 scanCandidateComponents - Identified candidate component class: file [/Users/wuxiaofan/CODE/JAVA/Spring6_learning/spring6-ioc-annotation/target/classes/Spring6/resource/service/UserServiceImp.class]
2023-05-04 at 10:35:45 CST DEBUG org.springframework.context.support.AbstractApplicationContext 630 prepareRefresh - Refreshing org.springframework.context.support.ClassPathXmlApplicationContext@25a6944c
2023-05-04 at 10:35:45 CST DEBUG org.springframework.context.annotation.ClassPathScanningCandidateComponentProvider 441 scanCandidateComponents - Identified candidate component class: file [/Users/wuxiaofan/CODE/JAVA/Spring6_learning/spring6-ioc-annotation/target/classes/Spring6/autowired/controller/UserController.class]
2023-05-04 at 10:35:45 CST DEBUG org.springframework.context.annotation.ClassPathScanningCandidateComponentProvider 441 scanCandidateComponents - Identified candidate component class: file [/Users/wuxiaofan/CODE/JAVA/Spring6_learning/spring6-ioc-annotation/target/classes/Spring6/autowired/dao/UserDaoImp.class]
2023-05-04 at 10:35:45 CST DEBUG org.springframework.context.annotation.ClassPathScanningCandidateComponentProvider 441 scanCandidateComponents - Identified candidate component class: file [/Users/wuxiaofan/CODE/JAVA/Spring6_learning/spring6-ioc-annotation/target/classes/Spring6/autowired/service/UserServiceImp.class]
2023-05-04 at 10:35:45 CST DEBUG org.springframework.context.annotation.ClassPathScanningCandidateComponentProvider 441 scanCandidateComponents - Identified candidate component class: file [/Users/wuxiaofan/CODE/JAVA/Spring6_learning/spring6-ioc-annotation/target/classes/Spring6/bean/User.class]
2023-05-04 at 10:35:45 CST DEBUG org.springframework.context.annotation.ClassPathScanningCandidateComponentProvider 441 scanCandidateComponents - Identified candidate component class: file [/Users/wuxiaofan/CODE/JAVA/Spring6_learning/spring6-ioc-annotation/target/classes/Spring6/resource/controller/UserController.class]
2023-05-04 at 10:35:45 CST DEBUG org.springframework.context.annotation.ClassPathScanningCandidateComponentProvider 441 scanCandidateComponents - Identified candidate component class: file [/Users/wuxiaofan/CODE/JAVA/Spring6_learning/spring6-ioc-annotation/target/classes/Spring6/resource/dao/UserDaoImp.class]
2023-05-04 at 10:35:45 CST DEBUG org.springframework.context.annotation.ClassPathScanningCandidateComponentProvider 441 scanCandidateComponents - Identified candidate component class: file [/Users/wuxiaofan/CODE/JAVA/Spring6_learning/spring6-ioc-annotation/target/classes/Spring6/resource/service/UserServiceImp.class]
2023-05-04 at 10:35:45 CST DEBUG org.springframework.beans.factory.xml.XmlBeanDefinitionReader 393 doLoadBeanDefinitions - Loaded 12 bean definitions from class path resource [Bean.xml]
2023-05-04 at 10:35:45 CST DEBUG org.springframework.beans.factory.support.DefaultSingletonBeanRegistry 225 getSingleton - Creating shared instance of singleton bean 'org.springframework.context.annotation.internalConfigurationAnnotationProcessor'
2023-05-04 at 10:35:45 CST DEBUG org.springframework.beans.factory.support.DefaultSingletonBeanRegistry 225 getSingleton - Creating shared instance of singleton bean 'org.springframework.context.event.internalEventListenerProcessor'
2023-05-04 at 10:35:45 CST DEBUG org.springframework.beans.factory.support.DefaultSingletonBeanRegistry 225 getSingleton - Creating shared instance of singleton bean 'org.springframework.context.event.internalEventListenerFactory'
2023-05-04 at 10:35:45 CST DEBUG org.springframework.beans.factory.support.DefaultSingletonBeanRegistry 225 getSingleton - Creating shared instance of singleton bean 'org.springframework.context.annotation.internalAutowiredAnnotationProcessor'
2023-05-04 at 10:35:45 CST DEBUG org.springframework.beans.factory.support.DefaultSingletonBeanRegistry 225 getSingleton - Creating shared instance of singleton bean 'org.springframework.context.annotation.internalCommonAnnotationProcessor'
2023-05-04 at 10:35:45 CST DEBUG org.springframework.beans.factory.support.DefaultSingletonBeanRegistry 225 getSingleton - Creating shared instance of singleton bean 'userController'
2023-05-04 at 10:35:46 CST DEBUG org.springframework.beans.factory.support.DefaultSingletonBeanRegistry 225 getSingleton - Creating shared instance of singleton bean 'userServiceImp'
2023-05-04 at 10:35:46 CST DEBUG org.springframework.beans.factory.support.DefaultSingletonBeanRegistry 225 getSingleton - Creating shared instance of singleton bean 'userDaoImp'
2023-05-04 at 10:35:46 CST DEBUG org.springframework.beans.factory.support.DefaultSingletonBeanRegistry 225 getSingleton - Creating shared instance of singleton bean 'user'
2023-05-04 at 10:35:46 CST DEBUG org.springframework.beans.factory.support.DefaultSingletonBeanRegistry 225 getSingleton - Creating shared instance of singleton bean 'myUserController'
2023-05-04 at 10:35:46 CST DEBUG org.springframework.beans.factory.support.DefaultSingletonBeanRegistry 225 getSingleton - Creating shared instance of singleton bean 'myUserService'
2023-05-04 at 10:35:46 CST DEBUG org.springframework.beans.factory.support.DefaultSingletonBeanRegistry 225 getSingleton - Creating shared instance of singleton bean 'myUserDao'
2023-05-04 at 10:35:46 CST INFO  Spring6.test.TestUser_resource 20 testAnnotation - 执行成功
2023-05-04 at 10:36:00 CST DEBUG org.springframework.context.support.AbstractApplicationContext 630 prepareRefresh - Refreshing org.springframework.context.support.ClassPathXmlApplicationContext@25a6944c
2023-05-04 at 10:36:00 CST DEBUG org.springframework.context.annotation.ClassPathScanningCandidateComponentProvider 441 scanCandidateComponents - Identified candidate component class: file [/Users/wuxiaofan/CODE/JAVA/Spring6_learning/spring6-ioc-annotation/target/classes/Spring6/autowired/controller/UserController.class]
2023-05-04 at 10:36:00 CST DEBUG org.springframework.context.annotation.ClassPathScanningCandidateComponentProvider 441 scanCandidateComponents - Identified candidate component class: file [/Users/wuxiaofan/CODE/JAVA/Spring6_learning/spring6-ioc-annotation/target/classes/Spring6/autowired/dao/UserDaoImp.class]
2023-05-04 at 10:36:00 CST DEBUG org.springframework.context.annotation.ClassPathScanningCandidateComponentProvider 441 scanCandidateComponents - Identified candidate component class: file [/Users/wuxiaofan/CODE/JAVA/Spring6_learning/spring6-ioc-annotation/target/classes/Spring6/autowired/service/UserServiceImp.class]
2023-05-04 at 10:36:00 CST DEBUG org.springframework.context.annotation.ClassPathScanningCandidateComponentProvider 441 scanCandidateComponents - Identified candidate component class: file [/Users/wuxiaofan/CODE/JAVA/Spring6_learning/spring6-ioc-annotation/target/classes/Spring6/bean/User.class]
2023-05-04 at 10:36:00 CST DEBUG org.springframework.context.annotation.ClassPathScanningCandidateComponentProvider 441 scanCandidateComponents - Identified candidate component class: file [/Users/wuxiaofan/CODE/JAVA/Spring6_learning/spring6-ioc-annotation/target/classes/Spring6/resource/controller/UserController.class]
2023-05-04 at 10:36:00 CST DEBUG org.springframework.context.annotation.ClassPathScanningCandidateComponentProvider 441 scanCandidateComponents - Identified candidate component class: file [/Users/wuxiaofan/CODE/JAVA/Spring6_learning/spring6-ioc-annotation/target/classes/Spring6/resource/dao/UserDaoImp.class]
2023-05-04 at 10:36:00 CST DEBUG org.springframework.context.annotation.ClassPathScanningCandidateComponentProvider 441 scanCandidateComponents - Identified candidate component class: file [/Users/wuxiaofan/CODE/JAVA/Spring6_learning/spring6-ioc-annotation/target/classes/Spring6/resource/service/UserServiceImp.class]
2023-05-04 at 10:36:00 CST DEBUG org.springframework.beans.factory.xml.XmlBeanDefinitionReader 393 doLoadBeanDefinitions - Loaded 12 bean definitions from class path resource [Bean.xml]
2023-05-04 at 10:36:00 CST DEBUG org.springframework.beans.factory.support.DefaultSingletonBeanRegistry 225 getSingleton - Creating shared instance of singleton bean 'org.springframework.context.annotation.internalConfigurationAnnotationProcessor'
2023-05-04 at 10:36:00 CST DEBUG org.springframework.beans.factory.support.DefaultSingletonBeanRegistry 225 getSingleton - Creating shared instance of singleton bean 'org.springframework.context.event.internalEventListenerProcessor'
2023-05-04 at 10:36:00 CST DEBUG org.springframework.beans.factory.support.DefaultSingletonBeanRegistry 225 getSingleton - Creating shared instance of singleton bean 'org.springframework.context.event.internalEventListenerFactory'
2023-05-04 at 10:36:00 CST DEBUG org.springframework.beans.factory.support.DefaultSingletonBeanRegistry 225 getSingleton - Creating shared instance of singleton bean 'org.springframework.context.annotation.internalAutowiredAnnotationProcessor'
2023-05-04 at 10:36:00 CST DEBUG org.springframework.beans.factory.support.DefaultSingletonBeanRegistry 225 getSingleton - Creating shared instance of singleton bean 'org.springframework.context.annotation.internalCommonAnnotationProcessor'
2023-05-04 at 10:36:00 CST DEBUG org.springframework.beans.factory.support.DefaultSingletonBeanRegistry 225 getSingleton - Creating shared instance of singleton bean 'userController'
2023-05-04 at 10:36:00 CST DEBUG org.springframework.beans.factory.support.DefaultSingletonBeanRegistry 225 getSingleton - Creating shared instance of singleton bean 'userServiceImp'
2023-05-04 at 10:36:00 CST DEBUG org.springframework.beans.factory.support.DefaultSingletonBeanRegistry 225 getSingleton - Creating shared instance of singleton bean 'userDaoImp'
2023-05-04 at 10:36:00 CST DEBUG org.springframework.beans.factory.support.DefaultSingletonBeanRegistry 225 getSingleton - Creating shared instance of singleton bean 'user'
2023-05-04 at 10:36:00 CST DEBUG org.springframework.beans.factory.support.DefaultSingletonBeanRegistry 225 getSingleton - Creating shared instance of singleton bean 'myUserController'
2023-05-04 at 10:36:00 CST DEBUG org.springframework.beans.factory.support.DefaultSingletonBeanRegistry 225 getSingleton - Creating shared instance of singleton bean 'myUserService'
2023-05-04 at 10:36:00 CST DEBUG org.springframework.beans.factory.support.DefaultSingletonBeanRegistry 225 getSingleton - Creating shared instance of singleton bean 'myUserDao'
2023-05-04 at 10:36:15 CST DEBUG org.springframework.context.support.AbstractApplicationContext 630 prepareRefresh - Refreshing org.springframework.context.support.ClassPathXmlApplicationContext@25a6944c
2023-05-04 at 10:36:15 CST DEBUG org.springframework.context.annotation.ClassPathScanningCandidateComponentProvider 441 scanCandidateComponents - Identified candidate component class: file [/Users/wuxiaofan/CODE/JAVA/Spring6_learning/spring6-ioc-annotation/target/classes/Spring6/autowired/controller/UserController.class]
2023-05-04 at 10:36:15 CST DEBUG org.springframework.context.annotation.ClassPathScanningCandidateComponentProvider 441 scanCandidateComponents - Identified candidate component class: file [/Users/wuxiaofan/CODE/JAVA/Spring6_learning/spring6-ioc-annotation/target/classes/Spring6/autowired/dao/UserDaoImp.class]
2023-05-04 at 10:36:15 CST DEBUG org.springframework.context.annotation.ClassPathScanningCandidateComponentProvider 441 scanCandidateComponents - Identified candidate component class: file [/Users/wuxiaofan/CODE/JAVA/Spring6_learning/spring6-ioc-annotation/target/classes/Spring6/autowired/service/UserServiceImp.class]
2023-05-04 at 10:36:15 CST DEBUG org.springframework.context.annotation.ClassPathScanningCandidateComponentProvider 441 scanCandidateComponents - Identified candidate component class: file [/Users/wuxiaofan/CODE/JAVA/Spring6_learning/spring6-ioc-annotation/target/classes/Spring6/bean/User.class]
2023-05-04 at 10:36:15 CST DEBUG org.springframework.context.annotation.ClassPathScanningCandidateComponentProvider 441 scanCandidateComponents - Identified candidate component class: file [/Users/wuxiaofan/CODE/JAVA/Spring6_learning/spring6-ioc-annotation/target/classes/Spring6/resource/controller/UserController.class]
2023-05-04 at 10:36:15 CST DEBUG org.springframework.context.annotation.ClassPathScanningCandidateComponentProvider 441 scanCandidateComponents - Identified candidate component class: file [/Users/wuxiaofan/CODE/JAVA/Spring6_learning/spring6-ioc-annotation/target/classes/Spring6/resource/dao/UserDaoImp.class]
2023-05-04 at 10:36:15 CST DEBUG org.springframework.context.annotation.ClassPathScanningCandidateComponentProvider 441 scanCandidateComponents - Identified candidate component class: file [/Users/wuxiaofan/CODE/JAVA/Spring6_learning/spring6-ioc-annotation/target/classes/Spring6/resource/service/UserServiceImp.class]
2023-05-04 at 10:36:15 CST DEBUG org.springframework.beans.factory.xml.XmlBeanDefinitionReader 393 doLoadBeanDefinitions - Loaded 12 bean definitions from class path resource [Bean.xml]
2023-05-04 at 10:36:15 CST DEBUG org.springframework.beans.factory.support.DefaultSingletonBeanRegistry 225 getSingleton - Creating shared instance of singleton bean 'org.springframework.context.annotation.internalConfigurationAnnotationProcessor'
2023-05-04 at 10:36:15 CST DEBUG org.springframework.beans.factory.support.DefaultSingletonBeanRegistry 225 getSingleton - Creating shared instance of singleton bean 'org.springframework.context.event.internalEventListenerProcessor'
2023-05-04 at 10:36:15 CST DEBUG org.springframework.beans.factory.support.DefaultSingletonBeanRegistry 225 getSingleton - Creating shared instance of singleton bean 'org.springframework.context.event.internalEventListenerFactory'
2023-05-04 at 10:36:15 CST DEBUG org.springframework.beans.factory.support.DefaultSingletonBeanRegistry 225 getSingleton - Creating shared instance of singleton bean 'org.springframework.context.annotation.internalAutowiredAnnotationProcessor'
2023-05-04 at 10:36:15 CST DEBUG org.springframework.beans.factory.support.DefaultSingletonBeanRegistry 225 getSingleton - Creating shared instance of singleton bean 'org.springframework.context.annotation.internalCommonAnnotationProcessor'
2023-05-04 at 10:36:15 CST DEBUG org.springframework.beans.factory.support.DefaultSingletonBeanRegistry 225 getSingleton - Creating shared instance of singleton bean 'userController'
2023-05-04 at 10:36:15 CST DEBUG org.springframework.beans.factory.support.DefaultSingletonBeanRegistry 225 getSingleton - Creating shared instance of singleton bean 'userServiceImp'
2023-05-04 at 10:36:15 CST DEBUG org.springframework.beans.factory.support.DefaultSingletonBeanRegistry 225 getSingleton - Creating shared instance of singleton bean 'userDaoImp'
2023-05-04 at 10:36:15 CST DEBUG org.springframework.beans.factory.support.DefaultSingletonBeanRegistry 225 getSingleton - Creating shared instance of singleton bean 'user'
2023-05-04 at 10:36:15 CST DEBUG org.springframework.beans.factory.support.DefaultSingletonBeanRegistry 225 getSingleton - Creating shared instance of singleton bean 'myUserController'
2023-05-04 at 10:36:15 CST DEBUG org.springframework.beans.factory.support.DefaultSingletonBeanRegistry 225 getSingleton - Creating shared instance of singleton bean 'myUserService'
2023-05-04 at 10:36:15 CST DEBUG org.springframework.beans.factory.support.DefaultSingletonBeanRegistry 225 getSingleton - Creating shared instance of singleton bean 'myUserDao'
2023-05-04 at 10:36:15 CST INFO  Spring6.test.TestUser_resource 20 testAnnotation - 执行成功
2023-05-04 at 10:36:44 CST DEBUG org.springframework.context.support.AbstractApplicationContext 630 prepareRefresh - Refreshing org.springframework.context.support.ClassPathXmlApplicationContext@25a6944c
2023-05-04 at 10:36:45 CST DEBUG org.springframework.context.annotation.ClassPathScanningCandidateComponentProvider 441 scanCandidateComponents - Identified candidate component class: file [/Users/wuxiaofan/CODE/JAVA/Spring6_learning/spring6-ioc-annotation/target/classes/Spring6/autowired/controller/UserController.class]
2023-05-04 at 10:36:45 CST DEBUG org.springframework.context.annotation.ClassPathScanningCandidateComponentProvider 441 scanCandidateComponents - Identified candidate component class: file [/Users/wuxiaofan/CODE/JAVA/Spring6_learning/spring6-ioc-annotation/target/classes/Spring6/autowired/dao/UserDaoImp.class]
2023-05-04 at 10:36:45 CST DEBUG org.springframework.context.annotation.ClassPathScanningCandidateComponentProvider 441 scanCandidateComponents - Identified candidate component class: file [/Users/wuxiaofan/CODE/JAVA/Spring6_learning/spring6-ioc-annotation/target/classes/Spring6/autowired/service/UserServiceImp.class]
2023-05-04 at 10:36:45 CST DEBUG org.springframework.context.annotation.ClassPathScanningCandidateComponentProvider 441 scanCandidateComponents - Identified candidate component class: file [/Users/wuxiaofan/CODE/JAVA/Spring6_learning/spring6-ioc-annotation/target/classes/Spring6/bean/User.class]
2023-05-04 at 10:36:45 CST DEBUG org.springframework.context.annotation.ClassPathScanningCandidateComponentProvider 441 scanCandidateComponents - Identified candidate component class: file [/Users/wuxiaofan/CODE/JAVA/Spring6_learning/spring6-ioc-annotation/target/classes/Spring6/resource/controller/UserController.class]
2023-05-04 at 10:36:45 CST DEBUG org.springframework.context.annotation.ClassPathScanningCandidateComponentProvider 441 scanCandidateComponents - Identified candidate component class: file [/Users/wuxiaofan/CODE/JAVA/Spring6_learning/spring6-ioc-annotation/target/classes/Spring6/resource/dao/UserDaoImp.class]
2023-05-04 at 10:36:45 CST DEBUG org.springframework.context.annotation.ClassPathScanningCandidateComponentProvider 441 scanCandidateComponents - Identified candidate component class: file [/Users/wuxiaofan/CODE/JAVA/Spring6_learning/spring6-ioc-annotation/target/classes/Spring6/resource/service/UserServiceImp.class]
2023-05-04 at 10:36:45 CST DEBUG org.springframework.beans.factory.xml.XmlBeanDefinitionReader 393 doLoadBeanDefinitions - Loaded 12 bean definitions from class path resource [Bean.xml]
2023-05-04 at 10:36:45 CST DEBUG org.springframework.beans.factory.support.DefaultSingletonBeanRegistry 225 getSingleton - Creating shared instance of singleton bean 'org.springframework.context.annotation.internalConfigurationAnnotationProcessor'
2023-05-04 at 10:36:45 CST DEBUG org.springframework.beans.factory.support.DefaultSingletonBeanRegistry 225 getSingleton - Creating shared instance of singleton bean 'org.springframework.context.event.internalEventListenerProcessor'
2023-05-04 at 10:36:45 CST DEBUG org.springframework.beans.factory.support.DefaultSingletonBeanRegistry 225 getSingleton - Creating shared instance of singleton bean 'org.springframework.context.event.internalEventListenerFactory'
2023-05-04 at 10:36:45 CST DEBUG org.springframework.beans.factory.support.DefaultSingletonBeanRegistry 225 getSingleton - Creating shared instance of singleton bean 'org.springframework.context.annotation.internalAutowiredAnnotationProcessor'
2023-05-04 at 10:36:45 CST DEBUG org.springframework.beans.factory.support.DefaultSingletonBeanRegistry 225 getSingleton - Creating shared instance of singleton bean 'org.springframework.context.annotation.internalCommonAnnotationProcessor'
2023-05-04 at 10:36:45 CST DEBUG org.springframework.beans.factory.support.DefaultSingletonBeanRegistry 225 getSingleton - Creating shared instance of singleton bean 'userController'
2023-05-04 at 10:36:45 CST DEBUG org.springframework.beans.factory.support.DefaultSingletonBeanRegistry 225 getSingleton - Creating shared instance of singleton bean 'userServiceImp'
2023-05-04 at 10:36:45 CST DEBUG org.springframework.beans.factory.support.DefaultSingletonBeanRegistry 225 getSingleton - Creating shared instance of singleton bean 'userDaoImp'
2023-05-04 at 10:36:45 CST DEBUG org.springframework.beans.factory.support.DefaultSingletonBeanRegistry 225 getSingleton - Creating shared instance of singleton bean 'user'
2023-05-04 at 10:36:45 CST DEBUG org.springframework.beans.factory.support.DefaultSingletonBeanRegistry 225 getSingleton - Creating shared instance of singleton bean 'myUserController'
2023-05-04 at 10:36:45 CST DEBUG org.springframework.beans.factory.support.DefaultSingletonBeanRegistry 225 getSingleton - Creating shared instance of singleton bean 'myUserService'
2023-05-04 at 10:36:45 CST DEBUG org.springframework.beans.factory.support.DefaultSingletonBeanRegistry 225 getSingleton - Creating shared instance of singleton bean 'myUserDao'
2023-05-04 at 10:36:45 CST INFO  Spring6.test.TestUser_resource 20 testAnnotation - 执行成功
2023-05-04 at 10:53:56 CST DEBUG org.springframework.context.support.AbstractApplicationContext 630 prepareRefresh - Refreshing org.springframework.context.annotation.AnnotationConfigApplicationContext@45815ffc
2023-05-04 at 10:53:56 CST DEBUG org.springframework.beans.factory.support.DefaultSingletonBeanRegistry 225 getSingleton - Creating shared instance of singleton bean 'org.springframework.context.annotation.internalConfigurationAnnotationProcessor'
2023-05-04 at 10:53:56 CST DEBUG org.springframework.context.annotation.ClassPathScanningCandidateComponentProvider 441 scanCandidateComponents - Identified candidate component class: file [/Users/wuxiaofan/CODE/JAVA/Spring6_learning/spring6-ioc-annotation/target/classes/Spring6/autowired/controller/UserController.class]
2023-05-04 at 10:53:56 CST DEBUG org.springframework.context.annotation.ClassPathScanningCandidateComponentProvider 441 scanCandidateComponents - Identified candidate component class: file [/Users/wuxiaofan/CODE/JAVA/Spring6_learning/spring6-ioc-annotation/target/classes/Spring6/autowired/dao/UserDaoImp.class]
2023-05-04 at 10:53:56 CST DEBUG org.springframework.context.annotation.ClassPathScanningCandidateComponentProvider 441 scanCandidateComponents - Identified candidate component class: file [/Users/wuxiaofan/CODE/JAVA/Spring6_learning/spring6-ioc-annotation/target/classes/Spring6/autowired/service/UserServiceImp.class]
2023-05-04 at 10:53:56 CST DEBUG org.springframework.context.annotation.ClassPathScanningCandidateComponentProvider 441 scanCandidateComponents - Identified candidate component class: file [/Users/wuxiaofan/CODE/JAVA/Spring6_learning/spring6-ioc-annotation/target/classes/Spring6/bean/User.class]
2023-05-04 at 10:53:56 CST DEBUG org.springframework.context.annotation.ClassPathScanningCandidateComponentProvider 441 scanCandidateComponents - Identified candidate component class: file [/Users/wuxiaofan/CODE/JAVA/Spring6_learning/spring6-ioc-annotation/target/classes/Spring6/resource/controller/UserController.class]
2023-05-04 at 10:53:56 CST DEBUG org.springframework.context.annotation.ClassPathScanningCandidateComponentProvider 441 scanCandidateComponents - Identified candidate component class: file [/Users/wuxiaofan/CODE/JAVA/Spring6_learning/spring6-ioc-annotation/target/classes/Spring6/resource/dao/UserDaoImp.class]
2023-05-04 at 10:53:56 CST DEBUG org.springframework.context.annotation.ClassPathScanningCandidateComponentProvider 441 scanCandidateComponents - Identified candidate component class: file [/Users/wuxiaofan/CODE/JAVA/Spring6_learning/spring6-ioc-annotation/target/classes/Spring6/resource/service/UserServiceImp.class]
2023-05-04 at 10:53:56 CST DEBUG org.springframework.beans.factory.support.DefaultSingletonBeanRegistry 225 getSingleton - Creating shared instance of singleton bean 'org.springframework.context.event.internalEventListenerProcessor'
2023-05-04 at 10:53:56 CST DEBUG org.springframework.beans.factory.support.DefaultSingletonBeanRegistry 225 getSingleton - Creating shared instance of singleton bean 'org.springframework.context.event.internalEventListenerFactory'
2023-05-04 at 10:53:56 CST DEBUG org.springframework.beans.factory.support.DefaultSingletonBeanRegistry 225 getSingleton - Creating shared instance of singleton bean 'org.springframework.context.annotation.internalAutowiredAnnotationProcessor'
2023-05-04 at 10:53:56 CST DEBUG org.springframework.beans.factory.support.DefaultSingletonBeanRegistry 225 getSingleton - Creating shared instance of singleton bean 'org.springframework.context.annotation.internalCommonAnnotationProcessor'
2023-05-04 at 10:53:56 CST DEBUG org.springframework.beans.factory.support.DefaultSingletonBeanRegistry 225 getSingleton - Creating shared instance of singleton bean 'springConfig'
2023-05-04 at 10:53:56 CST DEBUG org.springframework.beans.factory.support.DefaultSingletonBeanRegistry 225 getSingleton - Creating shared instance of singleton bean 'userController'
2023-05-04 at 10:53:56 CST DEBUG org.springframework.beans.factory.support.DefaultSingletonBeanRegistry 225 getSingleton - Creating shared instance of singleton bean 'userServiceImp'
2023-05-04 at 10:53:56 CST DEBUG org.springframework.beans.factory.support.DefaultSingletonBeanRegistry 225 getSingleton - Creating shared instance of singleton bean 'userDaoImp'
2023-05-04 at 10:53:56 CST DEBUG org.springframework.beans.factory.support.DefaultSingletonBeanRegistry 225 getSingleton - Creating shared instance of singleton bean 'user'
2023-05-04 at 10:53:56 CST DEBUG org.springframework.beans.factory.support.DefaultSingletonBeanRegistry 225 getSingleton - Creating shared instance of singleton bean 'myUserController'
2023-05-04 at 10:53:56 CST DEBUG org.springframework.beans.factory.support.DefaultSingletonBeanRegistry 225 getSingleton - Creating shared instance of singleton bean 'myUserService'
2023-05-04 at 10:53:56 CST DEBUG org.springframework.beans.factory.support.DefaultSingletonBeanRegistry 225 getSingleton - Creating shared instance of singleton bean 'myUserDao'
2023-05-04 at 10:53:56 CST INFO  Spring6.test.TestUser_anno 22 testAnnotation - 执行成功
2023-05-11 at 17:07:19 CST DEBUG org.springframework.context.support.AbstractApplicationContext 630 prepareRefresh - Refreshing org.springframework.context.support.ClassPathXmlApplicationContext@5e1fa5b1
2023-05-11 at 17:07:20 CST DEBUG org.springframework.context.annotation.ClassPathScanningCandidateComponentProvider 441 scanCandidateComponents - Identified candidate component class: file [/Users/wuxiaofan/CODE/JAVA/Spring6_learning/spring6-ioc-annotation/target/classes/Spring6/autowired/controller/UserController.class]
2023-05-11 at 17:07:20 CST DEBUG org.springframework.context.annotation.ClassPathScanningCandidateComponentProvider 441 scanCandidateComponents - Identified candidate component class: file [/Users/wuxiaofan/CODE/JAVA/Spring6_learning/spring6-ioc-annotation/target/classes/Spring6/autowired/dao/UserDaoImp.class]
2023-05-11 at 17:07:20 CST DEBUG org.springframework.context.annotation.ClassPathScanningCandidateComponentProvider 441 scanCandidateComponents - Identified candidate component class: file [/Users/wuxiaofan/CODE/JAVA/Spring6_learning/spring6-ioc-annotation/target/classes/Spring6/autowired/service/UserServiceImp.class]
2023-05-11 at 17:07:20 CST DEBUG org.springframework.context.annotation.ClassPathScanningCandidateComponentProvider 441 scanCandidateComponents - Identified candidate component class: file [/Users/wuxiaofan/CODE/JAVA/Spring6_learning/spring6-ioc-annotation/target/classes/Spring6/bean/User.class]
2023-05-11 at 17:07:20 CST DEBUG org.springframework.context.annotation.ClassPathScanningCandidateComponentProvider 441 scanCandidateComponents - Identified candidate component class: file [/Users/wuxiaofan/CODE/JAVA/Spring6_learning/spring6-ioc-annotation/target/classes/Spring6/config/SpringConfig.class]
2023-05-11 at 17:07:20 CST DEBUG org.springframework.context.annotation.ClassPathScanningCandidateComponentProvider 441 scanCandidateComponents - Identified candidate component class: file [/Users/wuxiaofan/CODE/JAVA/Spring6_learning/spring6-ioc-annotation/target/classes/Spring6/resource/controller/UserController.class]
2023-05-11 at 17:07:20 CST DEBUG org.springframework.context.annotation.ClassPathScanningCandidateComponentProvider 441 scanCandidateComponents - Identified candidate component class: file [/Users/wuxiaofan/CODE/JAVA/Spring6_learning/spring6-ioc-annotation/target/classes/Spring6/resource/dao/UserDaoImp.class]
2023-05-11 at 17:07:20 CST DEBUG org.springframework.context.annotation.ClassPathScanningCandidateComponentProvider 441 scanCandidateComponents - Identified candidate component class: file [/Users/wuxiaofan/CODE/JAVA/Spring6_learning/spring6-ioc-annotation/target/classes/Spring6/resource/service/UserServiceImp.class]
2023-05-11 at 17:07:20 CST DEBUG org.springframework.beans.factory.xml.XmlBeanDefinitionReader 393 doLoadBeanDefinitions - Loaded 13 bean definitions from class path resource [Bean.xml]
2023-05-11 at 17:07:20 CST DEBUG org.springframework.beans.factory.support.DefaultSingletonBeanRegistry 225 getSingleton - Creating shared instance of singleton bean 'org.springframework.context.annotation.internalConfigurationAnnotationProcessor'
2023-05-11 at 17:07:20 CST DEBUG org.springframework.context.annotation.ClassPathScanningCandidateComponentProvider 441 scanCandidateComponents - Identified candidate component class: file [/Users/wuxiaofan/CODE/JAVA/Spring6_learning/spring6-ioc-annotation/target/classes/Spring6/autowired/controller/UserController.class]
2023-05-11 at 17:07:20 CST DEBUG org.springframework.context.annotation.ClassPathScanningCandidateComponentProvider 441 scanCandidateComponents - Identified candidate component class: file [/Users/wuxiaofan/CODE/JAVA/Spring6_learning/spring6-ioc-annotation/target/classes/Spring6/autowired/dao/UserDaoImp.class]
2023-05-11 at 17:07:20 CST DEBUG org.springframework.context.annotation.ClassPathScanningCandidateComponentProvider 441 scanCandidateComponents - Identified candidate component class: file [/Users/wuxiaofan/CODE/JAVA/Spring6_learning/spring6-ioc-annotation/target/classes/Spring6/autowired/service/UserServiceImp.class]
2023-05-11 at 17:07:20 CST DEBUG org.springframework.context.annotation.ClassPathScanningCandidateComponentProvider 441 scanCandidateComponents - Identified candidate component class: file [/Users/wuxiaofan/CODE/JAVA/Spring6_learning/spring6-ioc-annotation/target/classes/Spring6/bean/User.class]
2023-05-11 at 17:07:20 CST DEBUG org.springframework.context.annotation.ClassPathScanningCandidateComponentProvider 441 scanCandidateComponents - Identified candidate component class: file [/Users/wuxiaofan/CODE/JAVA/Spring6_learning/spring6-ioc-annotation/target/classes/Spring6/resource/controller/UserController.class]
2023-05-11 at 17:07:20 CST DEBUG org.springframework.context.annotation.ClassPathScanningCandidateComponentProvider 441 scanCandidateComponents - Identified candidate component class: file [/Users/wuxiaofan/CODE/JAVA/Spring6_learning/spring6-ioc-annotation/target/classes/Spring6/resource/dao/UserDaoImp.class]
2023-05-11 at 17:07:20 CST DEBUG org.springframework.context.annotation.ClassPathScanningCandidateComponentProvider 441 scanCandidateComponents - Identified candidate component class: file [/Users/wuxiaofan/CODE/JAVA/Spring6_learning/spring6-ioc-annotation/target/classes/Spring6/resource/service/UserServiceImp.class]
2023-05-11 at 17:07:20 CST DEBUG org.springframework.beans.factory.support.DefaultSingletonBeanRegistry 225 getSingleton - Creating shared instance of singleton bean 'org.springframework.context.event.internalEventListenerProcessor'
2023-05-11 at 17:07:20 CST DEBUG org.springframework.beans.factory.support.DefaultSingletonBeanRegistry 225 getSingleton - Creating shared instance of singleton bean 'org.springframework.context.event.internalEventListenerFactory'
2023-05-11 at 17:07:20 CST DEBUG org.springframework.beans.factory.support.DefaultSingletonBeanRegistry 225 getSingleton - Creating shared instance of singleton bean 'org.springframework.context.annotation.internalAutowiredAnnotationProcessor'
2023-05-11 at 17:07:20 CST DEBUG org.springframework.beans.factory.support.DefaultSingletonBeanRegistry 225 getSingleton - Creating shared instance of singleton bean 'org.springframework.context.annotation.internalCommonAnnotationProcessor'
2023-05-11 at 17:07:20 CST DEBUG org.springframework.beans.factory.support.DefaultSingletonBeanRegistry 225 getSingleton - Creating shared instance of singleton bean 'userController'
2023-05-11 at 17:07:20 CST DEBUG org.springframework.beans.factory.support.DefaultSingletonBeanRegistry 225 getSingleton - Creating shared instance of singleton bean 'userServiceImp'
2023-05-11 at 17:07:20 CST DEBUG org.springframework.beans.factory.support.DefaultSingletonBeanRegistry 225 getSingleton - Creating shared instance of singleton bean 'userDaoImp'
2023-05-11 at 17:07:20 CST DEBUG org.springframework.beans.factory.support.DefaultSingletonBeanRegistry 225 getSingleton - Creating shared instance of singleton bean 'user'
2023-05-11 at 17:07:20 CST DEBUG org.springframework.beans.factory.support.DefaultSingletonBeanRegistry 225 getSingleton - Creating shared instance of singleton bean 'springConfig'
2023-05-11 at 17:07:20 CST DEBUG org.springframework.beans.factory.support.DefaultSingletonBeanRegistry 225 getSingleton - Creating shared instance of singleton bean 'myUserController'
2023-05-11 at 17:07:20 CST DEBUG org.springframework.beans.factory.support.DefaultSingletonBeanRegistry 225 getSingleton - Creating shared instance of singleton bean 'myUserService'
2023-05-11 at 17:07:20 CST DEBUG org.springframework.beans.factory.support.DefaultSingletonBeanRegistry 225 getSingleton - Creating shared instance of singleton bean 'myUserDao'
2023-05-11 at 17:07:20 CST INFO  Spring6.test.TestUser 26 testAnnotation - 执行成功
